acom -O3 -e 100 -work cell_cpu -2002  $dsn/src/ALU.vhd $dsn/src/ALU_tb.vhd $dsn/src/Constants.vhd $dsn/src/FowardingUnit.vhd $dsn/src/ALUPortDecode.vhd $dsn/src/RegisterFile.vhd "$dsn/src/Even Units/ShiftEven.vhd" "$dsn/src/Even Units/ShiftPickerEven.vhd" "$dsn/src/Even Units/EvenWriteBack.vhd" "$dsn/src/Even Units/shiftPipe.vhd" "$dsn/src/Even Units/SPIMAPipe.vhd" "$dsn/src/Even Units/SPFPPipe.vhd" "$dsn/src/Even Units/BytePipe.vhd" "$dsn/src/Even Units/SF2Pipe.vhd" "$dsn/src/Even Units/SF1Pipe.vhd" "$dsn/src/Odd Units/ShiftOdd.vhd" "$dsn/src/Odd Units/ShiftPickerOdd.vhd" "$dsn/src/Odd Units/OddWriteBack.vhd" "$dsn/src/Odd Units/LSPipe.vhd" "$dsn/src/Odd Units/BranchPipe.vhd" "$dsn/src/Odd Units/PermutePipe.vhd" "$dsn/src/Odd Units/shiftPipeLS.vhd" "$dsn/src/Odd Units/LocalStore.vhd" "$dsn/src/Instruction Fetch/InstructionBuffer.vhd" "$dsn/src/Instruction Fetch/ProgramCounter.vhd" "$dsn/src/Instruction Fetch/InstructionFetchUnit.vhd"
# Warning: DAGGEN_0523: The source is compiled without the -dbg switch. Line breakpoints and assertion debug will not be available.
# File: C:/Users/champ/OneDrive/Spring_2023/ESE_545/Cell_SPU_Project/CELL_SPU/CELL_CPU/src/ALU.vhd
# Compile Entity "ALU"
# Compile Architecture "Behavioral" of Entity "ALU"
# File: C:/Users/champ/OneDrive/Spring_2023/ESE_545/Cell_SPU_Project/CELL_SPU/CELL_CPU/src/ALU_tb.vhd
# Warning: COMP96_0003: Source file "C:/Users/champ/OneDrive/Spring_2023/ESE_545/Cell_SPU_Project/CELL_SPU/CELL_CPU/src/ALU_tb.vhd" is empty.
# File: C:/Users/champ/OneDrive/Spring_2023/ESE_545/Cell_SPU_Project/CELL_SPU/CELL_CPU/src/Constants.vhd
# Compile Package "const"
# File: C:/Users/champ/OneDrive/Spring_2023/ESE_545/Cell_SPU_Project/CELL_SPU/CELL_CPU/src/FowardingUnit.vhd
# Warning: COMP96_0003: Source file "C:/Users/champ/OneDrive/Spring_2023/ESE_545/Cell_SPU_Project/CELL_SPU/CELL_CPU/src/FowardingUnit.vhd" is empty.
# File: C:/Users/champ/OneDrive/Spring_2023/ESE_545/Cell_SPU_Project/CELL_SPU/CELL_CPU/src/ALUPortDecode.vhd
# Warning: COMP96_0003: Source file "C:/Users/champ/OneDrive/Spring_2023/ESE_545/Cell_SPU_Project/CELL_SPU/CELL_CPU/src/ALUPortDecode.vhd" is empty.
# File: C:/Users/champ/OneDrive/Spring_2023/ESE_545/Cell_SPU_Project/CELL_SPU/CELL_CPU/src/RegisterFile.vhd
# Compile Entity "RegisterFile"
# Error: COMP96_0015: RegisterFile.vhd : (17, 19): ')' expected.
# Error: COMP96_0015: RegisterFile.vhd : (17, 19): ';' expected.
# Error: COMP96_0019: RegisterFile.vhd : (17, 21): Keyword 'end' expected.
# Error: COMP96_0015: RegisterFile.vhd : (17, 21): ';' expected.
# Error: COMP96_0016: RegisterFile.vhd : (17, 24): Design unit declaration expected.
# Compile Architecture "behavioral" of Entity "RegisterFile"
# Too many errors - compilation terminated
# Error: COMP96_0078: RegisterFile.vhd : (61, 20): Unknown identifier "addressAO".
# Error: COMP96_0078: RegisterFile.vhd : (61, 32): Unknown identifier "regAddressE".
# Error: COMP96_0078: RegisterFile.vhd : (61, 48): Unknown identifier "regWriteE".
# Error: COMP96_0133: RegisterFile.vhd : (61, 48): Cannot find object declaration.
# Error: COMP96_0133: RegisterFile.vhd : (61, 20): Cannot find object declaration.
# Error: COMP96_0077: RegisterFile.vhd : (61, 19): Undefined type of expression. Expected type 'BOOLEAN'.
# Error: COMP96_0078: RegisterFile.vhd : (62, 21): Unknown identifier "valueAO".
# Error: COMP96_0078: RegisterFile.vhd : (62, 32): Unknown identifier "regDataE".
# Error: COMP96_0133: RegisterFile.vhd : (62, 21): Cannot find object declaration.
# Error: COMP96_0078: RegisterFile.vhd : (63, 23): Unknown identifier "addressAO".
# Error: COMP96_0078: RegisterFile.vhd : (63, 35): Unknown identifier "regAddressO".
# Error: COMP96_0078: RegisterFile.vhd : (63, 51): Unknown identifier "regWriteO".
# Error: COMP96_0133: RegisterFile.vhd : (63, 51): Cannot find object declaration.
# Error: COMP96_0133: RegisterFile.vhd : (63, 23): Cannot find object declaration.
# Error: COMP96_0077: RegisterFile.vhd : (63, 22): Undefined type of expression. Expected type 'BOOLEAN'.
# Error: COMP96_0078: RegisterFile.vhd : (64, 21): Unknown identifier "valueAO".
# Error: COMP96_0078: RegisterFile.vhd : (64, 32): Unknown identifier "regDataO".
# Error: COMP96_0133: RegisterFile.vhd : (64, 21): Cannot find object declaration.
# Error: COMP96_0078: RegisterFile.vhd : (66, 21): Unknown identifier "valueAO".
# Error: COMP96_0078: RegisterFile.vhd : (66, 60): Unknown identifier "addressAO".
# Error: COMP96_0133: RegisterFile.vhd : (66, 60): Cannot find object declaration.
# Error: COMP96_0133: RegisterFile.vhd : (66, 21): Cannot find object declaration.
# Error: COMP96_0078: RegisterFile.vhd : (70, 20): Unknown identifier "addressBO".
# Error: COMP96_0078: RegisterFile.vhd : (70, 32): Unknown identifier "regAddressE".
# Error: COMP96_0078: RegisterFile.vhd : (70, 48): Unknown identifier "regWriteE".
# Error: COMP96_0133: RegisterFile.vhd : (70, 48): Cannot find object declaration.
# Error: COMP96_0133: RegisterFile.vhd : (70, 20): Cannot find object declaration.
# Error: COMP96_0077: RegisterFile.vhd : (70, 19): Undefined type of expression. Expected type 'BOOLEAN'.
# Error: COMP96_0078: RegisterFile.vhd : (71, 21): Unknown identifier "valueBO".
# Error: COMP96_0078: RegisterFile.vhd : (71, 32): Unknown identifier "regDataE".
# Error: COMP96_0133: RegisterFile.vhd : (71, 21): Cannot find object declaration.
# Error: COMP96_0078: RegisterFile.vhd : (72, 23): Unknown identifier "addressBO".
# Error: COMP96_0078: RegisterFile.vhd : (72, 35): Unknown identifier "regAddressO".
# Error: COMP96_0078: RegisterFile.vhd : (72, 51): Unknown identifier "regWriteO".
# Error: COMP96_0133: RegisterFile.vhd : (72, 51): Cannot find object declaration.
# Error: COMP96_0133: RegisterFile.vhd : (72, 23): Cannot find object declaration.
# Error: COMP96_0077: RegisterFile.vhd : (72, 22): Undefined type of expression. Expected type 'BOOLEAN'.
# Error: COMP96_0078: RegisterFile.vhd : (73, 21): Unknown identifier "valueBO".
# Error: COMP96_0078: RegisterFile.vhd : (73, 32): Unknown identifier "regDataO".
# Error: COMP96_0133: RegisterFile.vhd : (73, 21): Cannot find object declaration.
# Error: COMP96_0078: RegisterFile.vhd : (75, 21): Unknown identifier "valueBO".
# Error: COMP96_0078: RegisterFile.vhd : (75, 60): Unknown identifier "addressBO".
# Error: COMP96_0133: RegisterFile.vhd : (75, 60): Cannot find object declaration.
# Error: COMP96_0133: RegisterFile.vhd : (75, 21): Cannot find object declaration.
# Error: COMP96_0078: RegisterFile.vhd : (79, 20): Unknown identifier "addressTO".
# Error: COMP96_0078: RegisterFile.vhd : (79, 32): Unknown identifier "regAddressE".
# Error: COMP96_0078: RegisterFile.vhd : (79, 48): Unknown identifier "regWriteE".
# Error: COMP96_0133: RegisterFile.vhd : (79, 48): Cannot find object declaration.
# Error: COMP96_0133: RegisterFile.vhd : (79, 20): Cannot find object declaration.
# Error: COMP96_0077: RegisterFile.vhd : (79, 19): Undefined type of expression. Expected type 'BOOLEAN'.
# Error: COMP96_0078: RegisterFile.vhd : (80, 21): Unknown identifier "valueCO".
# Error: COMP96_0078: RegisterFile.vhd : (80, 32): Unknown identifier "regDataE".
# Error: COMP96_0133: RegisterFile.vhd : (80, 21): Cannot find object declaration.
# Error: COMP96_0078: RegisterFile.vhd : (81, 23): Unknown identifier "addressTO".
# Error: COMP96_0078: RegisterFile.vhd : (81, 35): Unknown identifier "regAddressO".
# Error: COMP96_0078: RegisterFile.vhd : (81, 51): Unknown identifier "regWriteO".
# Error: COMP96_0133: RegisterFile.vhd : (81, 51): Cannot find object declaration.
# Error: COMP96_0133: RegisterFile.vhd : (81, 23): Cannot find object declaration.
# Error: COMP96_0077: RegisterFile.vhd : (81, 22): Undefined type of expression. Expected type 'BOOLEAN'.
# Error: COMP96_0078: RegisterFile.vhd : (82, 21): Unknown identifier "valueCO".
# Error: COMP96_0078: RegisterFile.vhd : (82, 32): Unknown identifier "regDataO".
# Error: COMP96_0133: RegisterFile.vhd : (82, 21): Cannot find object declaration.
# Error: COMP96_0078: RegisterFile.vhd : (84, 21): Unknown identifier "valueCO".
# Error: COMP96_0078: RegisterFile.vhd : (84, 60): Unknown identifier "addressTO".
# Error: COMP96_0133: RegisterFile.vhd : (84, 60): Cannot find object declaration.
# Error: COMP96_0133: RegisterFile.vhd : (84, 21): Cannot find object declaration.
# Error: COMP96_0078: RegisterFile.vhd : (88, 20): Unknown identifier "addressAE".
# Error: COMP96_0078: RegisterFile.vhd : (88, 32): Unknown identifier "regAddressE".
# Error: COMP96_0078: RegisterFile.vhd : (88, 48): Unknown identifier "regWriteE".
# Error: COMP96_0133: RegisterFile.vhd : (88, 48): Cannot find object declaration.
# Error: COMP96_0133: RegisterFile.vhd : (88, 20): Cannot find object declaration.
# Error: COMP96_0077: RegisterFile.vhd : (88, 19): Undefined type of expression. Expected type 'BOOLEAN'.
# Error: COMP96_0078: RegisterFile.vhd : (89, 21): Unknown identifier "valueAE".
# Error: COMP96_0078: RegisterFile.vhd : (89, 32): Unknown identifier "regDataE".
# Error: COMP96_0133: RegisterFile.vhd : (89, 21): Cannot find object declaration.
# Error: COMP96_0078: RegisterFile.vhd : (90, 23): Unknown identifier "addressAE".
# Error: COMP96_0078: RegisterFile.vhd : (90, 35): Unknown identifier "regAddressO".
# Error: COMP96_0078: RegisterFile.vhd : (90, 51): Unknown identifier "regWriteO".
# Error: COMP96_0133: RegisterFile.vhd : (90, 51): Cannot find object declaration.
# Error: COMP96_0133: RegisterFile.vhd : (90, 23): Cannot find object declaration.
# Error: COMP96_0077: RegisterFile.vhd : (90, 22): Undefined type of expression. Expected type 'BOOLEAN'.
# Error: COMP96_0078: RegisterFile.vhd : (91, 21): Unknown identifier "valueAE".
# Error: COMP96_0078: RegisterFile.vhd : (91, 32): Unknown identifier "regDataO".
# Error: COMP96_0133: RegisterFile.vhd : (91, 21): Cannot find object declaration.
# Error: COMP96_0078: RegisterFile.vhd : (93, 21): Unknown identifier "valueAE".
# Error: COMP96_0078: RegisterFile.vhd : (93, 60): Unknown identifier "addressAE".
# Error: COMP96_0133: RegisterFile.vhd : (93, 60): Cannot find object declaration.
# Error: COMP96_0133: RegisterFile.vhd : (93, 21): Cannot find object declaration.
# Error: COMP96_0078: RegisterFile.vhd : (97, 20): Unknown identifier "addressBE".
# Error: COMP96_0078: RegisterFile.vhd : (97, 32): Unknown identifier "regAddressE".
# Error: COMP96_0078: RegisterFile.vhd : (97, 48): Unknown identifier "regWriteE".
# Error: COMP96_0133: RegisterFile.vhd : (97, 48): Cannot find object declaration.
# Error: COMP96_0133: RegisterFile.vhd : (97, 20): Cannot find object declaration.
# Error: COMP96_0077: RegisterFile.vhd : (97, 19): Undefined type of expression. Expected type 'BOOLEAN'.
# Error: COMP96_0078: RegisterFile.vhd : (98, 21): Unknown identifier "valueBE".
# Compile failure 100 Errors 3 Warnings  Analysis time :  0.2 [s]
acom -O3 -e 100 -work cell_cpu -2002  $dsn/src/ALU.vhd $dsn/src/ALU_tb.vhd $dsn/src/Constants.vhd $dsn/src/FowardingUnit.vhd $dsn/src/ALUPortDecode.vhd $dsn/src/RegisterFile.vhd "$dsn/src/Even Units/ShiftEven.vhd" "$dsn/src/Even Units/ShiftPickerEven.vhd" "$dsn/src/Even Units/EvenWriteBack.vhd" "$dsn/src/Even Units/shiftPipe.vhd" "$dsn/src/Even Units/SPIMAPipe.vhd" "$dsn/src/Even Units/SPFPPipe.vhd" "$dsn/src/Even Units/BytePipe.vhd" "$dsn/src/Even Units/SF2Pipe.vhd" "$dsn/src/Even Units/SF1Pipe.vhd" "$dsn/src/Odd Units/ShiftOdd.vhd" "$dsn/src/Odd Units/ShiftPickerOdd.vhd" "$dsn/src/Odd Units/OddWriteBack.vhd" "$dsn/src/Odd Units/LSPipe.vhd" "$dsn/src/Odd Units/BranchPipe.vhd" "$dsn/src/Odd Units/PermutePipe.vhd" "$dsn/src/Odd Units/shiftPipeLS.vhd" "$dsn/src/Odd Units/LocalStore.vhd" "$dsn/src/Instruction Fetch/InstructionBuffer.vhd" "$dsn/src/Instruction Fetch/ProgramCounter.vhd" "$dsn/src/Instruction Fetch/InstructionFetchUnit.vhd"
# Warning: DAGGEN_0523: The source is compiled without the -dbg switch. Line breakpoints and assertion debug will not be available.
# File: C:/Users/champ/OneDrive/Spring_2023/ESE_545/Cell_SPU_Project/CELL_SPU/CELL_CPU/src/ALU.vhd
# Compile Entity "ALU"
# Compile Architecture "Behavioral" of Entity "ALU"
# File: C:/Users/champ/OneDrive/Spring_2023/ESE_545/Cell_SPU_Project/CELL_SPU/CELL_CPU/src/ALU_tb.vhd
# Warning: COMP96_0003: Source file "C:/Users/champ/OneDrive/Spring_2023/ESE_545/Cell_SPU_Project/CELL_SPU/CELL_CPU/src/ALU_tb.vhd" is empty.
# File: C:/Users/champ/OneDrive/Spring_2023/ESE_545/Cell_SPU_Project/CELL_SPU/CELL_CPU/src/Constants.vhd
# Compile Package "const"
# File: C:/Users/champ/OneDrive/Spring_2023/ESE_545/Cell_SPU_Project/CELL_SPU/CELL_CPU/src/FowardingUnit.vhd
# Warning: COMP96_0003: Source file "C:/Users/champ/OneDrive/Spring_2023/ESE_545/Cell_SPU_Project/CELL_SPU/CELL_CPU/src/FowardingUnit.vhd" is empty.
# File: C:/Users/champ/OneDrive/Spring_2023/ESE_545/Cell_SPU_Project/CELL_SPU/CELL_CPU/src/ALUPortDecode.vhd
# Warning: COMP96_0003: Source file "C:/Users/champ/OneDrive/Spring_2023/ESE_545/Cell_SPU_Project/CELL_SPU/CELL_CPU/src/ALUPortDecode.vhd" is empty.
# File: C:/Users/champ/OneDrive/Spring_2023/ESE_545/Cell_SPU_Project/CELL_SPU/CELL_CPU/src/RegisterFile.vhd
# Compile Entity "RegisterFile"
# Compile Architecture "behavioral" of Entity "RegisterFile"
# File: C:/Users/champ/OneDrive/Spring_2023/ESE_545/Cell_SPU_Project/CELL_SPU/CELL_CPU/src/Even Units/ShiftEven.vhd
# Compile Entity "ShiftEven"
# Compile Architecture "Behavioral" of Entity "ShiftEven"
# File: C:/Users/champ/OneDrive/Spring_2023/ESE_545/Cell_SPU_Project/CELL_SPU/CELL_CPU/src/Even Units/ShiftPickerEven.vhd
# Compile Entity "ShiftPickerEven"
# Compile Architecture "Behavioral" of Entity "ShiftPickerEven"
# File: C:/Users/champ/OneDrive/Spring_2023/ESE_545/Cell_SPU_Project/CELL_SPU/CELL_CPU/src/Even Units/EvenWriteBack.vhd
# Compile Entity "EvenWriteBack"
# Compile Architecture "Behavioral" of Entity "EvenWriteBack"
# File: C:/Users/champ/OneDrive/Spring_2023/ESE_545/Cell_SPU_Project/CELL_SPU/CELL_CPU/src/Even Units/shiftPipe.vhd
# Compile Entity "shiftPipe"
# Compile Architecture "Behavioral" of Entity "shiftPipe"
# File: C:/Users/champ/OneDrive/Spring_2023/ESE_545/Cell_SPU_Project/CELL_SPU/CELL_CPU/src/Even Units/SPIMAPipe.vhd
# Compile Entity "SPIMAPipe"
# Compile Architecture "structure" of Entity "SPIMAPipe"
# File: C:/Users/champ/OneDrive/Spring_2023/ESE_545/Cell_SPU_Project/CELL_SPU/CELL_CPU/src/Even Units/SPFPPipe.vhd
# Compile Entity "SPFPPipe"
# Compile Architecture "structure" of Entity "SPFPPipe"
# File: C:/Users/champ/OneDrive/Spring_2023/ESE_545/Cell_SPU_Project/CELL_SPU/CELL_CPU/src/Even Units/BytePipe.vhd
# Compile Entity "BytePipe"
# Compile Architecture "structure" of Entity "BytePipe"
# File: C:/Users/champ/OneDrive/Spring_2023/ESE_545/Cell_SPU_Project/CELL_SPU/CELL_CPU/src/Even Units/SF2Pipe.vhd
# Compile Entity "SF2Pipe"
# Compile Architecture "structure" of Entity "SF2Pipe"
# File: C:/Users/champ/OneDrive/Spring_2023/ESE_545/Cell_SPU_Project/CELL_SPU/CELL_CPU/src/Even Units/SF1Pipe.vhd
# Compile Entity "SF1Pipe"
# Compile Architecture "structure" of Entity "SF1Pipe"
# File: C:/Users/champ/OneDrive/Spring_2023/ESE_545/Cell_SPU_Project/CELL_SPU/CELL_CPU/src/Odd Units/ShiftOdd.vhd
# Compile Entity "ShiftOdd"
# Compile Architecture "Behavioral" of Entity "ShiftOdd"
# File: C:/Users/champ/OneDrive/Spring_2023/ESE_545/Cell_SPU_Project/CELL_SPU/CELL_CPU/src/Odd Units/ShiftPickerOdd.vhd
# Compile Entity "ShiftPickerOdd"
# Compile Architecture "Behavioral" of Entity "ShiftPickerOdd"
# File: C:/Users/champ/OneDrive/Spring_2023/ESE_545/Cell_SPU_Project/CELL_SPU/CELL_CPU/src/Odd Units/OddWriteBack.vhd
# Compile Entity "OddWriteBack"
# Compile Architecture "Behavioral" of Entity "OddWriteBack"
# File: C:/Users/champ/OneDrive/Spring_2023/ESE_545/Cell_SPU_Project/CELL_SPU/CELL_CPU/src/Odd Units/LSPipe.vhd
# Compile Entity "LSPipe"
# Compile Architecture "Behavioral" of Entity "LSPipe"
# File: C:/Users/champ/OneDrive/Spring_2023/ESE_545/Cell_SPU_Project/CELL_SPU/CELL_CPU/src/Odd Units/BranchPipe.vhd
# Compile Entity "BranchPipe"
# Compile Architecture "structure" of Entity "BranchPipe"
# File: C:/Users/champ/OneDrive/Spring_2023/ESE_545/Cell_SPU_Project/CELL_SPU/CELL_CPU/src/Odd Units/PermutePipe.vhd
# Compile Entity "PermutePipe"
# Compile Architecture "structure" of Entity "PermutePipe"
# File: C:/Users/champ/OneDrive/Spring_2023/ESE_545/Cell_SPU_Project/CELL_SPU/CELL_CPU/src/Odd Units/shiftPipeLS.vhd
# Compile Entity "shiftPipeLS"
# Compile Architecture "structure" of Entity "shiftPipeLS"
# File: C:/Users/champ/OneDrive/Spring_2023/ESE_545/Cell_SPU_Project/CELL_SPU/CELL_CPU/src/Odd Units/LocalStore.vhd
# Compile Entity "LocalStore"
# Compile Architecture "Behavioral" of Entity "LocalStore"
# File: C:/Users/champ/OneDrive/Spring_2023/ESE_545/Cell_SPU_Project/CELL_SPU/CELL_CPU/src/Instruction Fetch/InstructionBuffer.vhd
# Compile Entity "InstructionBuffer"
# Error: COMP96_0078: Instruction Fetch/InstructionBuffer.vhd : (21, 53): Unknown identifier "WORDESIZE".
# Error: COMP96_0094: Instruction Fetch/InstructionBuffer.vhd : (21, 47): Locally static expression is required in the range definition.
# Error: COMP96_0078: Instruction Fetch/InstructionBuffer.vhd : (22, 54): Unknown identifier "WORDESIZE".
# Error: COMP96_0094: Instruction Fetch/InstructionBuffer.vhd : (22, 48): Locally static expression is required in the range definition.
# Compile Architecture "behavioral" of Entity "InstructionBuffer"
# Error: COMP96_0056: Instruction Fetch/InstructionBuffer.vhd : (27, 1): Cannot find referenced entity declaration "InstructionBuffer".
# File: C:/Users/champ/OneDrive/Spring_2023/ESE_545/Cell_SPU_Project/CELL_SPU/CELL_CPU/src/Instruction Fetch/ProgramCounter.vhd
# Warning: COMP96_0003: Source file "C:/Users/champ/OneDrive/Spring_2023/ESE_545/Cell_SPU_Project/CELL_SPU/CELL_CPU/src/Instruction Fetch/ProgramCounter.vhd" is empty.
# File: C:/Users/champ/OneDrive/Spring_2023/ESE_545/Cell_SPU_Project/CELL_SPU/CELL_CPU/src/Instruction Fetch/InstructionFetchUnit.vhd
# Warning: COMP96_0003: Source file "C:/Users/champ/OneDrive/Spring_2023/ESE_545/Cell_SPU_Project/CELL_SPU/CELL_CPU/src/Instruction Fetch/InstructionFetchUnit.vhd" is empty.
# Compile failure 5 Errors 5 Warnings  Analysis time :  1.0 [s]
# Design: 10:10 AM, Monday, April 3, 2023
# Design: Opening design "C:\Users\champ\OneDrive\Spring_2023\ESE_545\Cell_SPU_Project\CELL_SPU\CELL_CPU\CELL_CPU.adf"
