Active-HDL 13.0.376.8320 2023-03-27 11:30:49

Elaboration top modules:
Architecture                  Behavioral(ALU)


--------------------------------------------------------------------------------------------
Entity   | Architecture | Library  | Info | Compiler Version          | Compilation Options
--------------------------------------------------------------------------------------------
ALU      | Behavioral   | cell_cpu |      | 13.0.376.8320 (Windows64) | -O3
--------------------------------------------------------------------------------------------

--------------------------------------------------------------------------------------------
VHDL Package            | Library  | Info | Compiler Version          | Compilation Options
--------------------------------------------------------------------------------------------
standard                | std      |      |                           | <unavailable>
TEXTIO                  | std      |      | 13.0.376.8320 (Windows64) |  -2019
std_logic_1164          | ieee     |      | 13.0.376.8320 (Windows64) |  -2008
const                   | cell_cpu |      | 13.0.376.8320 (Windows64) | -O3
NUMERIC_STD             | ieee     |      | 13.0.376.8320 (Windows64) |  -2008
fixed_float_types       | ieee     |      | 13.0.376.8320 (Windows64) |  -2008
MATH_REAL               | ieee     |      | 13.0.376.8320 (Windows64) | <unavailable>
fixed_pkg               | ieee     |      | 13.0.376.8320 (Windows64) |  -2008
float_pkg               | ieee     |      | 13.0.376.8320 (Windows64) |  -2008
--------------------------------------------------------------------------------------------

--------------------------------------------------------------------------------------------
Library                 | Comment
--------------------------------------------------------------------------------------------
cell_cpu                | None
ieee                    | Standard IEEE packages library
std                     | Standard VHDL library
--------------------------------------------------------------------------------------------
